Command: vcs -sverilog ADSR.sv Envelope_TB/envelope_onevoice_adjust_in_flight.sv \
-debug_access+all -l compile.log
                         Chronologic VCS (TM)
         Version T-2022.06_Full64 -- Sun Mar 29 16:51:06 2026

                    Copyright (c) 1991 - 2022 Synopsys, Inc.
   This software and the associated documentation are proprietary to Synopsys,
 Inc. This software may only be used in accordance with the terms and conditions
 of a written license agreement with Synopsys, Inc. All other use, reproduction,
   or distribution of this software is strictly prohibited.  Licensed Products
     communicate with Synopsys servers for the purpose of providing software
    updates, detecting software piracy and verifying that customers are using
    Licensed Products in conformity with the applicable License Key for such
  Licensed Products. Synopsys will use information gathered in connection with
    this process to deliver software updates and pursue software pirates and
                                   infringers.

 Inclusivity & Diversity - Visit SolvNetPlus to read the "Synopsys Statement on
            Inclusivity and Diversity" (Refer to article 000036315 at
                        https://solvnetplus.synopsys.com)

Parsing design file 'ADSR.sv'
Parsing design file 'Envelope_TB/envelope_onevoice_adjust_in_flight.sv'
Top Level Modules:
       ADSR_envelope_bank
       tb_ADSR
TimeScale is 1 ns / 100 ps
Starting vcs inline pass...

3 modules and 0 UDP read.
recompiling module tb_ADSR
	However, due to incremental compilation, only 1 module needs to be compiled. 
rm -f _cuarc*.so _csrc*.so pre_vcsobj_*.so share_vcsobj_*.so
ld -shared  -Bsymbolic --no-relax  -o .//../simv.daidir//_cuarc0.so objs/amcQw_d.o \

rm -f _cuarc0.so
if [ -x ../simv ]; then chmod a-x ../simv; fi
g++  -o ../simv      -rdynamic  -Wl,-rpath='$ORIGIN'/simv.daidir -Wl,-rpath=./simv.daidir \
-Wl,-rpath=/afs/ece.cmu.edu/support/synopsys/synopsys.release/T-Foundation/vcs/T-2022.06/linux64/lib \
-L/afs/ece.cmu.edu/support/synopsys/synopsys.release/T-Foundation/vcs/T-2022.06/linux64/lib \
-Wl,-rpath-link=./     _1845725_archive_1.so _prev_archive_1.so _cuarc0.so  SIM_l.o \
rmapats_mop.o rmapats.o rmar.o rmar_nd.o  rmar_llvm_0_1.o rmar_llvm_0_0.o        \
-lnuma -lvirsim -lerrorinf -lsnpsmalloc -lvfs    -lvcsnew -lsimprofile -luclinative \
/afs/ece.cmu.edu/support/synopsys/synopsys.release/T-Foundation/vcs/T-2022.06/linux64/lib/vcs_tls.o \
-Wl,-whole-archive  -lvcsucli    -Wl,-no-whole-archive          /afs/ece.cmu.edu/support/synopsys/synopsys.release/T-Foundation/vcs/T-2022.06/linux64/lib/vcs_save_restore_new.o \
-ldl  -lc -lm -lpthread -ldl 
../simv up to date
CPU time: .703 seconds to compile + .877 seconds to elab + .832 seconds to link
