# Preference setting overrides
gui_create_pref_key -category {Globals} -key {load_detail_for_funcov} -value_type {bool} -value {false}

# State setting overrides
gui_state_default_create -off -ini
gui_set_state_value -category Globals -key recent_databases -value {{gui_open_db -file waveforms.vpd}}
gui_set_state_value -category Globals -key recent_sessions -value {{gui_load_session -ignore_errors -file /afs/andrew.cmu.edu/usr9/jtarin/private/18240/wavesesh/session.inter.vpd.tcl}}
gui_set_state_value -category Layout -key child_console_size_x -value 1351
gui_set_state_value -category Layout -key child_console_size_y -value 161
gui_set_state_value -category Layout -key child_data_coltype -value 143
gui_set_state_value -category Layout -key child_data_colvalue -value 114
gui_set_state_value -category Layout -key child_data_colvariable -value 303
gui_set_state_value -category Layout -key child_data_size_x -value 552
gui_set_state_value -category Layout -key child_data_size_y -value 623
gui_set_state_value -category Layout -key child_driver_size_x -value 1055
gui_set_state_value -category Layout -key child_driver_size_y -value 179
gui_set_state_value -category Layout -key child_hier_col3 -value {-1}
gui_set_state_value -category Layout -key child_hier_colhier -value 289
gui_set_state_value -category Layout -key child_hier_colpd -value 0
gui_set_state_value -category Layout -key child_hier_coltype -value 70
gui_set_state_value -category Layout -key child_hier_size_x -value 348
gui_set_state_value -category Layout -key child_hier_size_y -value 623
gui_set_state_value -category Layout -key child_schematic_pos_x -value {-2}
gui_set_state_value -category Layout -key child_schematic_pos_y -value {-17}
gui_set_state_value -category Layout -key child_schematic_size_x -value 449
gui_set_state_value -category Layout -key child_schematic_size_y -value 624
gui_set_state_value -category Layout -key child_source_docknewline -value false
gui_set_state_value -category Layout -key child_source_pos_x -value {-2}
gui_set_state_value -category Layout -key child_source_pos_y -value {-17}
gui_set_state_value -category Layout -key child_source_size_x -value 454
gui_set_state_value -category Layout -key child_source_size_y -value 619
gui_set_state_value -category Layout -key child_wave_colname -value 204
gui_set_state_value -category Layout -key child_wave_colvalue -value 204
gui_set_state_value -category Layout -key child_wave_left -value 412
gui_set_state_value -category Layout -key child_wave_right -value 1005
gui_set_state_value -category Layout -key main_pos_x -value 39
gui_set_state_value -category Layout -key main_pos_y -value 93
gui_set_state_value -category Layout -key main_size_x -value 1390
gui_set_state_value -category Layout -key main_size_y -value 991
gui_set_state_value -category Layout -key stand_source_child_docknewline -value false
gui_set_state_value -category Layout -key stand_source_child_pos_x -value {-2}
gui_set_state_value -category Layout -key stand_source_child_pos_y -value {-15}
gui_set_state_value -category Layout -key stand_source_child_size_x -value 1924
gui_set_state_value -category Layout -key stand_source_child_size_y -value 436
gui_set_state_value -category Layout -key stand_wave_child_docknewline -value false
gui_set_state_value -category Layout -key stand_wave_child_pos_x -value {-2}
gui_set_state_value -category Layout -key stand_wave_child_pos_y -value {-17}
gui_set_state_value -category Layout -key stand_wave_child_size_x -value 1427
gui_set_state_value -category Layout -key stand_wave_child_size_y -value 729
gui_set_state_value -category Layout -key stand_wave_top_pos_x -value 30
gui_set_state_value -category Layout -key stand_wave_top_pos_y -value 63
gui_set_state_value -category Layout -key stand_wave_top_size_x -value 1452
gui_set_state_value -category Layout -key stand_wave_top_size_y -value 910
gui_create_state_key -category FindDialog -key m_pMatchCase -value_type bool -value false
gui_create_state_key -category FindDialog -key m_pMatchWord -value_type bool -value false
gui_create_state_key -category FindDialog -key m_pUseCombo -value_type string -value {}
gui_create_state_key -category FindDialog -key m_pWrapAround -value_type bool -value true
gui_create_state_key -category Widget_History -key {dlgSimSetup|m_setupTab|tab pages|SimTab|m_VPDCombo} -value_type string -value inter.vpd
gui_create_state_key -category Widget_History -key {dlgSimSetup|m_setupTab|tab pages|SimTab|m_argsCombo} -value_type string -value {{-ucligui }}
gui_create_state_key -category Widget_History -key {dlgSimSetup|m_setupTab|tab pages|SimTab|m_curDirCombo} -value_type string -value {/afs/ece.cmu.edu/usr/jtarin/Private/447/lab2-paul_jake_christian/output/simulation /afs/andrew.cmu.edu/usr9/jtarin/private/18240/lab4_git /afs/andrew.cmu.edu/usr9/jtarin/private/18240/wavesesh}
gui_create_state_key -category Widget_History -key {dlgSimSetup|m_setupTab|tab pages|SimTab|m_exeCombo} -value_type string -value {/afs/ece.cmu.edu/usr/jtarin/Private/447/lab2-paul_jake_christian/output/simulation/riscv_core ./riscv_core /afs/andrew.cmu.edu/usr9/jtarin/private/18240/lab4_git/simv ./simv /afs/andrew.cmu.edu/usr9/jtarin/private/18240/wavesesh/simv}
gui_create_state_key -category SearchDialog -key MatchCase -value_type bool -value false
gui_create_state_key -category SearchDialog -key MatchWord -value_type bool -value true
gui_create_state_key -category SearchDialog -key SearchMode -value_type string -value Wildcards
gui_create_state_key -category SearchDialog -key UseCombo -value_type bool -value true
gui_state_default_create -off

# Begin command logging
gui_open_db -file waveforms.vpd
gui_list_expand -id  Hier.1   tb_ADSR
gui_list_select -id Hier.1 -current_item_name tb_ADSR.uut -current_item_type Scope  -selected  { tb_ADSR.uut   }
gui_open_window Wave
gui_list_add -id Wave.1 -from Hier.1 { tb_ADSR.uut } -insertionbar
gui_list_select -id Wave.1 -selected  { {tb_ADSR.uut.control_wave[23:0]}   }
gui_list_set_selected_property -id Wave.1 -draw_style analog
gui_zoom -window Wave.1 -full
gui_zoom -window Wave.1 -full
gui_close_window -window TopLevel.2
