Assembler report for The-WaveShaper-FPGA
Tue Apr 28 11:51:03 2026
Quartus Prime Version 23.1std.1 Build 993 05/14/2024 SC Standard Edition


---------------------
; Table of Contents ;
---------------------
  1. Legal Notice
  2. Assembler Summary
  3. Assembler Settings
  4. Assembler Generated Files
  5. Assembler Device Options: The-WaveShaper-FPGA.sof
  6. Assembler Messages



----------------
; Legal Notice ;
----------------
Copyright (C) 2024  Intel Corporation. All rights reserved.
Your use of Intel Corporation's design tools, logic functions 
and other software and tools, and any partner logic 
functions, and any output files from any of the foregoing 
(including device programming or simulation files), and any 
associated documentation or information are expressly subject 
to the terms and conditions of the Intel Program License 
Subscription Agreement, the Intel Quartus Prime License Agreement,
the Intel FPGA IP License Agreement, or other applicable license
agreement, including, without limitation, that your use is for
the sole purpose of programming logic devices manufactured by
Intel and sold by Intel or its authorized distributors.  Please
refer to the applicable agreement for further details, at
https://fpgasoftware.intel.com/eula.



+---------------------------------------------------------------+
; Assembler Summary                                             ;
+-----------------------+---------------------------------------+
; Assembler Status      ; Successful - Tue Apr 28 11:51:03 2026 ;
; Revision Name         ; The-WaveShaper-FPGA                   ;
; Top-level Entity Name ; top                                   ;
; Family                ; Cyclone V                             ;
; Device                ; 5CSXFC6D6F31C6                        ;
+-----------------------+---------------------------------------+


+----------------------------------+
; Assembler Settings               ;
+--------+---------+---------------+
; Option ; Setting ; Default Value ;
+--------+---------+---------------+


+----------------------------------------------------------------------------------------------------------------+
; Assembler Generated Files                                                                                      ;
+----------------------------------------------------------------------------------------------------------------+
; File Name                                                                                                      ;
+----------------------------------------------------------------------------------------------------------------+
; /afs/andrew.cmu.edu/usr1/dabujabe/private/18500/QUARANTINE/The-WaveShaper/output_files/The-WaveShaper-FPGA.sof ;
+----------------------------------------------------------------------------------------------------------------+


+---------------------------------------------------+
; Assembler Device Options: The-WaveShaper-FPGA.sof ;
+----------------+----------------------------------+
; Option         ; Setting                          ;
+----------------+----------------------------------+
; JTAG usercode  ; 0x00E5B400                       ;
; Checksum       ; 0x00E5B400                       ;
+----------------+----------------------------------+


+--------------------+
; Assembler Messages ;
+--------------------+
Info: *******************************************************************
Info: Running Quartus Prime Assembler
    Info: Version 23.1std.1 Build 993 05/14/2024 SC Standard Edition
    Info: Processing started: Tue Apr 28 11:50:58 2026
Info: Command: quartus_asm --read_settings_files=off --write_settings_files=off The-WaveShaper-FPGA -c The-WaveShaper-FPGA
Warning (18236): Number of processors has not been specified which may cause overloading on shared machines.  Set the global assignment NUM_PARALLEL_PROCESSORS in your QSF to an appropriate value for best performance.
Info (115030): Assembler is generating device programming files
Info (11878): Hard Processor Subsystem configuration has not changed and a Preloader software update is not required
Info: Quartus Prime Assembler was successful. 0 errors, 1 warning
    Info: Peak virtual memory: 604 megabytes
    Info: Processing ended: Tue Apr 28 11:51:03 2026
    Info: Elapsed time: 00:00:05
    Info: Total CPU time (on all processors): 00:00:05


